#
# A fatal error has been detected by the Java Runtime Environment:
#
#  SIGSEGV (0xb) at pc=0x00007fad2254bac7, pid=16056, tid=0x00007fad726da700
#
# JRE version: Java(TM) SE Runtime Environment (8.0_152-b16) (build 1.8.0_152-b16)
# Java VM: Java HotSpot(TM) 64-Bit Server VM (25.152-b16 mixed mode linux-amd64 compressed oops)
# Problematic frame:
# C  [libtesseract.so.3.0.4+0x9dac7]  tesseract::Tesseract::recog_all_words(PAGE_RES*, ETEXT_DESC*, TBOX const*, char const*, int)+0x5e7
#
# Failed to write core dump. Core dumps have been disabled. To enable core dumping, try "ulimit -c unlimited" before starting Java again
#
# If you would like to submit a bug report, please visit:
#   http://bugreport.java.com/bugreport/crash.jsp
# The crash happened outside the Java Virtual Machine in native code.
# See problematic frame for where to report the bug.
#

---------------  T H R E A D  ---------------

Current thread (0x00007fad6c00a800):  JavaThread "main" [_thread_in_native, id=16057, stack(0x00007fad725da000,0x00007fad726db000)]

siginfo: si_signo: 11 (SIGSEGV), si_code: 1 (SEGV_MAPERR), si_addr: 0x000000000000000c

Registers:
RAX=0x0000000000000000, RBX=0x00007fad726d86d0, RCX=0x0000000000000000, RDX=0x0000000000000000
RSP=0x00007fad726d8680, RBP=0x00007fad6c733fc0, RSI=0x0000000000000000, RDI=0x00007fad726d8790
R8 =0x0000000000000000, R9 =0x0000000000000000, R10=0x00007fad6c91e8c0, R11=0x0000000000000020
R12=0x00007fad6c910760, R13=0x0000000000000000, R14=0x0000000000000000, R15=0x00007fad6c910760
RIP=0x00007fad2254bac7, EFLAGS=0x0000000000010246, CSGSFS=0x002b000000000033, ERR=0x0000000000000004
  TRAPNO=0x000000000000000e

Top of Stack: (sp=0x00007fad726d8680)
0x00007fad726d8680:   0000000000000000 0000000000000000
0x00007fad726d8690:   00007fad6c9103a0 00007fad6c9104f0
0x00007fad726d86a0:   00007fad6c9136b0 00007fad6c924cf0
0x00007fad726d86b0:   0000000000000000 00007fad726d86e0
0x00007fad726d86c0:   00007fad6c9103a0 00007fad226a7980
0x00007fad726d86d0:   00007fad6c910760 0000000000000000
0x00007fad726d86e0:   0000000000000000 0000000000000000
0x00007fad726d86f0:   00007fad6c9244c0 00007fad6c9103a0
0x00007fad726d8700:   00007fad6c924cf0 00007fad6c926340
0x00007fad726d8710:   00007fad6c9103a0 00007fad6c924cf0
0x00007fad726d8720:   00007fad6c910768 00007fad6c924cf0
0x00007fad726d8730:   00007fad6c924cf0 00007fad6c924cf0
0x00007fad726d8740:   00007fad6c910000 00007fad6c924cf0
0x00007fad726d8750:   0000000000000000 00007fad6c924d18
0x00007fad726d8760:   00007fad6c9104f0 00007fad6c9103a0
0x00007fad726d8770:   00007fad6c9104f0 00007fad6c730000
0x00007fad726d8780:   00007fad6c9103a0 00007fad6c910700
0x00007fad726d8790:   00007fad6c9103c0 00007fad6c926340
0x00007fad726d87a0:   00007fad6c9199d0 00007fad6c921440
0x00007fad726d87b0:   0000000000000000 00007fad6c9244c0
0x00007fad726d87c0:   0000000000000001 2745f3b55afd5100
0x00007fad726d87d0:   0000000000000000 00007fad6c730ca0
0x00007fad726d87e0:   00007fad726d8860 00000000ffffffff
0x00007fad726d87f0:   0000000000000000 00007fad6c910760
0x00007fad726d8800:   00007fad6c910760 00007fad22536065
0x00007fad726d8810:   0000000000000000 00007fad5ad8ed60
0x00007fad726d8820:   00007fad726d8801 2745f3b55afd5100
0x00007fad726d8830:   00007fad726d88a0 00007fad6c730ca0
0x00007fad726d8840:   0000000000000001 0000000000000000
0x00007fad726d8850:   0000000000000001 00007fad726d92a0
0x00007fad726d8860:   00007fad726d88b0 00007fad2253733c
0x00007fad726d8870:   00007fad726d88d0 2745f3b55afd5100 

Instructions: (pc=0x00007fad2254bac7)
0x00007fad2254baa7:   13 00 00 41 83 fe 01 0f 84 ec fb ff ff e9 b9 fa
0x00007fad2254bab7:   ff ff 0f 1f 80 00 00 00 00 48 8b 85 10 0b 00 00
0x00007fad2254bac7:   80 78 0c 00 0f 84 9f fd ff ff 48 89 ef e8 17 82
0x00007fad2254bad7:   0f 00 e9 92 fd ff ff 4c 89 e6 48 89 ef e8 e7 8b 

Register to memory mapping:

RAX=0x0000000000000000 is an unknown value
RBX=0x00007fad726d86d0 is pointing into the stack for thread: 0x00007fad6c00a800
RCX=0x0000000000000000 is an unknown value
RDX=0x0000000000000000 is an unknown value
RSP=0x00007fad726d8680 is pointing into the stack for thread: 0x00007fad6c00a800
RBP=0x00007fad6c733fc0 is an unknown value
RSI=0x0000000000000000 is an unknown value
RDI=0x00007fad726d8790 is pointing into the stack for thread: 0x00007fad6c00a800
R8 =0x0000000000000000 is an unknown value
R9 =0x0000000000000000 is an unknown value
R10=0x00007fad6c91e8c0 is an unknown value
R11=0x0000000000000020 is an unknown value
R12=0x00007fad6c910760 is an unknown value
R13=0x0000000000000000 is an unknown value
R14=0x0000000000000000 is an unknown value
R15=0x00007fad6c910760 is an unknown value


Stack: [0x00007fad725da000,0x00007fad726db000],  sp=0x00007fad726d8680,  free space=1017k
Native frames: (J=compiled Java code, j=interpreted, Vv=VM code, C=native code)
C  [libtesseract.so.3.0.4+0x9dac7]  tesseract::Tesseract::recog_all_words(PAGE_RES*, ETEXT_DESC*, TBOX const*, char const*, int)+0x5e7

Java frames: (J=compiled Java code, j=interpreted, Vv=VM code)
j  com.sun.jna.Native.invokePointer(JI[Ljava/lang/Object;)J+0
j  com.sun.jna.Function.invokePointer(I[Ljava/lang/Object;)Lcom/sun/jna/Pointer;+6
j  com.sun.jna.Function.invoke([Ljava/lang/Object;Ljava/lang/Class;Z)Ljava/lang/Object;+426
j  com.sun.jna.Function.invoke(Ljava/lang/Class;[Ljava/lang/Object;Ljava/util/Map;)Ljava/lang/Object;+262
j  com.sun.jna.Library$Handler.invoke(Ljava/lang/Object;Ljava/lang/reflect/Method;[Ljava/lang/Object;)Ljava/lang/Object;+316
j  com.sun.proxy.$Proxy0.TessBaseAPIGetUTF8Text(Lnet/sourceforge/tess4j/ITessAPI$TessBaseAPI;)Lcom/sun/jna/Pointer;+16
j  net.sourceforge.tess4j.Tesseract.getOCRText(Ljava/lang/String;I)Ljava/lang/String;+62
j  net.sourceforge.tess4j.Tesseract.doOCR(Ljava/util/List;Ljava/lang/String;Ljava/awt/Rectangle;)Ljava/lang/String;+69
j  net.sourceforge.tess4j.Tesseract.doOCR(Ljava/io/File;Ljava/awt/Rectangle;)Ljava/lang/String;+10
j  net.sourceforge.tess4j.Tesseract.doOCR(Ljava/io/File;)Ljava/lang/String;+3
j  tesseract.LoadTesseract.process()V+26
j  tesseract.LoadTesseract.main([Ljava/lang/String;)V+10
v  ~StubRoutines::call_stub

---------------  P R O C E S S  ---------------

Java Threads: ( => current thread )
  0x00007fad6c4b9800 JavaThread "Java2D Disposer" daemon [_thread_blocked, id=16071, stack(0x00007fad22f48000,0x00007fad23049000)]
  0x00007fad6c190800 JavaThread "Service Thread" daemon [_thread_blocked, id=16069, stack(0x00007fad589e5000,0x00007fad58ae6000)]
  0x00007fad6c185000 JavaThread "C1 CompilerThread2" daemon [_thread_blocked, id=16068, stack(0x00007fad58ae6000,0x00007fad58be7000)]
  0x00007fad6c183800 JavaThread "C2 CompilerThread1" daemon [_thread_blocked, id=16067, stack(0x00007fad58be7000,0x00007fad58ce8000)]
  0x00007fad6c180800 JavaThread "C2 CompilerThread0" daemon [_thread_blocked, id=16066, stack(0x00007fad58ce8000,0x00007fad58de9000)]
  0x00007fad6c17f000 JavaThread "Signal Dispatcher" daemon [_thread_blocked, id=16065, stack(0x00007fad58de9000,0x00007fad58eea000)]
  0x00007fad6c14b800 JavaThread "Finalizer" daemon [_thread_blocked, id=16064, stack(0x00007fad598a9000,0x00007fad599aa000)]
  0x00007fad6c147000 JavaThread "Reference Handler" daemon [_thread_blocked, id=16063, stack(0x00007fad599aa000,0x00007fad59aab000)]
=>0x00007fad6c00a800 JavaThread "main" [_thread_in_native, id=16057, stack(0x00007fad725da000,0x00007fad726db000)]

Other Threads:
  0x00007fad6c13f800 VMThread [stack: 0x00007fad59aab000,0x00007fad59bac000] [id=16062]
  0x00007fad6c195000 WatcherThread [stack: 0x00007fad588e4000,0x00007fad589e5000] [id=16070]

VM state:not at safepoint (normal execution)

VM Mutex/Monitor currently owned by a thread: None

Heap:
 PSYoungGen      total 36864K, used 26995K [0x00000000d6d80000, 0x00000000d9680000, 0x0000000100000000)
  eden space 31744K, 85% used [0x00000000d6d80000,0x00000000d87dcd58,0x00000000d8c80000)
  from space 5120K, 0% used [0x00000000d9180000,0x00000000d9180000,0x00000000d9680000)
  to   space 5120K, 0% used [0x00000000d8c80000,0x00000000d8c80000,0x00000000d9180000)
 ParOldGen       total 84992K, used 0K [0x0000000084800000, 0x0000000089b00000, 0x00000000d6d80000)
  object space 84992K, 0% used [0x0000000084800000,0x0000000084800000,0x0000000089b00000)
 Metaspace       used 11110K, capacity 11298K, committed 11392K, reserved 1058816K
  class space    used 1347K, capacity 1403K, committed 1408K, reserved 1048576K

Card table byte_map: [0x00007fad5be07000,0x00007fad5c1e4000] byte_map_base: 0x00007fad5b9e3000

Marking Bits: (ParMarkBitMap*) 0x00007fad71aa61a0
 Begin Bits: [0x00007fad50240000, 0x00007fad52120000)
 End Bits:   [0x00007fad52120000, 0x00007fad54000000)

Polling page: 0x00007fad726f6000

CodeCache: size=245760Kb used=3017Kb max_used=3017Kb free=242742Kb
 bounds [0x00007fad5c5a4000, 0x00007fad5c8a4000, 0x00007fad6b5a4000]
 total_blobs=1130 nmethods=752 adapters=292
 compilation: enabled

Compilation events (10 events):
Event: 0.683 Thread 0x00007fad6c185000  748       1       java.awt.image.Raster::getSampleModelTranslateX (5 bytes)
Event: 0.683 Thread 0x00007fad6c185000 nmethod 748 0x00007fad5c896bd0 code [0x00007fad5c896d20, 0x00007fad5c896e30]
Event: 0.683 Thread 0x00007fad6c185000  749       1       java.awt.image.Raster::getSampleModelTranslateY (5 bytes)
Event: 0.683 Thread 0x00007fad6c185000 nmethod 749 0x00007fad5c896e90 code [0x00007fad5c896fe0, 0x00007fad5c8970f0]
Event: 0.683 Thread 0x00007fad6c185000  751       3       java.lang.Math::min (12 bytes)
Event: 0.683 Thread 0x00007fad6c185000 nmethod 751 0x00007fad5c897150 code [0x00007fad5c8972c0, 0x00007fad5c897450]
Event: 0.683 Thread 0x00007fad6c185000  752       3       java.io.RandomAccessFile::readFully (45 bytes)
Event: 0.684 Thread 0x00007fad6c185000 nmethod 752 0x00007fad5c8974d0 code [0x00007fad5c897660, 0x00007fad5c897a38]
Event: 0.686 Thread 0x00007fad6c185000  753       3       sun.reflect.ClassFileAssembler::emitShort (24 bytes)
Event: 0.686 Thread 0x00007fad6c185000 nmethod 753 0x00007fad5c897c10 code [0x00007fad5c897da0, 0x00007fad5c8980b8]

GC Heap History (0 events):
No events

Deoptimization events (7 events):
Event: 0.305 Thread 0x00007fad6c00a800 Uncommon trap: reason=unstable_if action=reinterpret pc=0x00007fad5c753060 method=java.lang.String.replace(CC)Ljava/lang/String; @ 26
Event: 0.330 Thread 0x00007fad6c00a800 Uncommon trap: reason=unstable_if action=reinterpret pc=0x00007fad5c714758 method=java.lang.String.indexOf([CII[CIII)I @ 3
Event: 0.339 Thread 0x00007fad6c00a800 Uncommon trap: reason=unstable_if action=reinterpret pc=0x00007fad5c783e28 method=sun.misc.MetaIndex.mayContain(Ljava/lang/String;)Z @ 38
Event: 0.339 Thread 0x00007fad6c00a800 Uncommon trap: reason=unstable_if action=reinterpret pc=0x00007fad5c75c8f4 method=sun.misc.URLClassPath$JarLoader.ensureOpen()V @ 4
Event: 0.513 Thread 0x00007fad6c00a800 Uncommon trap: reason=unstable_if action=reinterpret pc=0x00007fad5c7b2344 method=java.lang.String.lastIndexOf([CII[CIII)I @ 118
Event: 0.527 Thread 0x00007fad6c00a800 Uncommon trap: reason=unstable_if action=reinterpret pc=0x00007fad5c8110dc method=java.util.HashMap.getNode(ILjava/lang/Object;)Ljava/util/HashMap$Node; @ 62
Event: 0.528 Thread 0x00007fad6c00a800 Uncommon trap: reason=unstable_if action=reinterpret pc=0x00007fad5c7f2984 method=java.util.HashMap.getNode(ILjava/lang/Object;)Ljava/util/HashMap$Node; @ 62

Classes redefined (0 events):
No events

Internal exceptions (10 events):
Event: 0.105 Thread 0x00007fad6c00a800 Exception <a 'java/security/PrivilegedActionException'> (0x00000000d6f70fd8) thrown at [/HUDSON/workspace/8-2-build-linux-amd64/jdk8u152/9742/hotspot/src/share/vm/prims/jvm.cpp, line 1390]
Event: 0.105 Thread 0x00007fad6c00a800 Exception <a 'java/security/PrivilegedActionException'> (0x00000000d6f711e8) thrown at [/HUDSON/workspace/8-2-build-linux-amd64/jdk8u152/9742/hotspot/src/share/vm/prims/jvm.cpp, line 1390]
Event: 0.141 Thread 0x00007fad6c00a800 Exception <a 'java/io/FileNotFoundException'> (0x00000000d70f6800) thrown at [/HUDSON/workspace/8-2-build-linux-amd64/jdk8u152/9742/hotspot/src/share/vm/prims/jni.cpp, line 709]
Event: 0.315 Thread 0x00007fad6c00a800 Exception <a 'java/lang/NoSuchMethodError': org.slf4j.impl.StaticMDCBinder.getSingleton()Lorg/slf4j/impl/StaticMDCBinder;> (0x00000000d77a9468) thrown at [/HUDSON/workspace/8-2-build-linux-amd64/jdk8u152/9742/hotspot/src/share/vm/interpreter/linkResolver.
Event: 0.388 Thread 0x00007fad6c00a800 Exception <a 'java/lang/NoSuchFieldError': method resolution failed> (0x00000000d792db80) thrown at [/HUDSON/workspace/8-2-build-linux-amd64/jdk8u152/9742/hotspot/src/share/vm/prims/methodHandles.cpp, line 1167]
Event: 0.390 Thread 0x00007fad6c00a800 Exception <a 'java/lang/NoSuchFieldError': method resolution failed> (0x00000000d793b270) thrown at [/HUDSON/workspace/8-2-build-linux-amd64/jdk8u152/9742/hotspot/src/share/vm/prims/methodHandles.cpp, line 1167]
Event: 0.412 Thread 0x00007fad6c00a800 Exception <a 'java/io/FileNotFoundException'> (0x00000000d79b3ba0) thrown at [/HUDSON/workspace/8-2-build-linux-amd64/jdk8u152/9742/hotspot/src/share/vm/prims/jni.cpp, line 709]
Event: 0.412 Thread 0x00007fad6c00a800 Exception <a 'java/io/FileNotFoundException'> (0x00000000d79b4518) thrown at [/HUDSON/workspace/8-2-build-linux-amd64/jdk8u152/9742/hotspot/src/share/vm/prims/jni.cpp, line 709]
Event: 0.505 Thread 0x00007fad6c00a800 Exception <a 'java/lang/UnsatisfiedLinkError': libtesseract.so: cannot open shared object file: No such file or directory> (0x00000000d7db8070) thrown at [/HUDSON/workspace/8-2-build-linux-amd64/jdk8u152/9742/hotspot/src/share/vm/prims/jni.cpp, line 735]
Event: 0.506 Thread 0x00007fad6c00a800 Exception <a 'java/lang/UnsatisfiedLinkError': libtesseract.so: cannot open shared object file: No such file or directory> (0x00000000d7db92f0) thrown at [/HUDSON/workspace/8-2-build-linux-amd64/jdk8u152/9742/hotspot/src/share/vm/prims/jni.cpp, line 735]

Events (10 events):
Event: 0.677 loading class java/awt/image/DataBufferShort
Event: 0.677 loading class java/awt/image/DataBufferShort done
Event: 0.677 loading class java/awt/image/DataBufferInt
Event: 0.677 loading class java/awt/image/DataBufferInt done
Event: 0.684 loading class java/nio/DirectByteBuffer$Deallocator
Event: 0.684 loading class java/nio/DirectByteBuffer$Deallocator done
Event: 0.685 loading class java/lang/StrictMath
Event: 0.685 loading class java/lang/StrictMath done
Event: 0.685 loading class com/sun/jna/Native$Buffers
Event: 0.685 loading class com/sun/jna/Native$Buffers done


Dynamic libraries:
00400000-00401000 r-xp 00000000 08:05 13773512                           /usr/local/java/jdk1.8.0_152/jre/bin/java
00600000-00601000 rw-p 00000000 08:05 13773512                           /usr/local/java/jdk1.8.0_152/jre/bin/java
01951000-01972000 rw-p 00000000 00:00 0                                  [heap]
84800000-89b00000 rw-p 00000000 00:00 0 
89b00000-d6d80000 ---p 00000000 00:00 0 
d6d80000-d9680000 rw-p 00000000 00:00 0 
d9680000-100000000 ---p 00000000 00:00 0 
100000000-100160000 rw-p 00000000 00:00 0 
100160000-140000000 ---p 00000000 00:00 0 
7fad14fff000-7fad18000000 rw-p 00000000 00:00 0 
7fad18000000-7fad18021000 rw-p 00000000 00:00 0 
7fad18021000-7fad1c000000 ---p 00000000 00:00 0 
7fad1c000000-7fad1c021000 rw-p 00000000 00:00 0 
7fad1c021000-7fad20000000 ---p 00000000 00:00 0 
7fad204dc000-7fad204f2000 r-xp 00000000 08:05 13901097                   /usr/local/java/jdk1.8.0_152/jre/lib/amd64/libnet.so
7fad204f2000-7fad206f2000 ---p 00016000 08:05 13901097                   /usr/local/java/jdk1.8.0_152/jre/lib/amd64/libnet.so
7fad206f2000-7fad206f3000 rw-p 00016000 08:05 13901097                   /usr/local/java/jdk1.8.0_152/jre/lib/amd64/libnet.so
7fad206f3000-7fad20704000 r-xp 00000000 08:05 13901100                   /usr/local/java/jdk1.8.0_152/jre/lib/amd64/libnio.so
7fad20704000-7fad20903000 ---p 00011000 08:05 13901100                   /usr/local/java/jdk1.8.0_152/jre/lib/amd64/libnio.so
7fad20903000-7fad20904000 rw-p 00010000 08:05 13901100                   /usr/local/java/jdk1.8.0_152/jre/lib/amd64/libnio.so
7fad20904000-7fad2090f000 r-xp 00000000 08:05 13771258                   /usr/lib/x86_64-linux-gnu/libjbig.so.0
7fad2090f000-7fad20b0e000 ---p 0000b000 08:05 13771258                   /usr/lib/x86_64-linux-gnu/libjbig.so.0
7fad20b0e000-7fad20b0f000 r--p 0000a000 08:05 13771258                   /usr/lib/x86_64-linux-gnu/libjbig.so.0
7fad20b0f000-7fad20b12000 rw-p 0000b000 08:05 13771258                   /usr/lib/x86_64-linux-gnu/libjbig.so.0
7fad20b12000-7fad20b33000 r-xp 00000000 08:05 8655362                    /lib/x86_64-linux-gnu/liblzma.so.5.0.0
7fad20b33000-7fad20d32000 ---p 00021000 08:05 8655362                    /lib/x86_64-linux-gnu/liblzma.so.5.0.0
7fad20d32000-7fad20d33000 r--p 00020000 08:05 8655362                    /lib/x86_64-linux-gnu/liblzma.so.5.0.0
7fad20d33000-7fad20d34000 rw-p 00021000 08:05 8655362                    /lib/x86_64-linux-gnu/liblzma.so.5.0.0
7fad20d34000-7fad20d6a000 r-xp 00000000 08:05 13773772                   /usr/lib/x86_64-linux-gnu/libopenjp2.so.2.1.0
7fad20d6a000-7fad20f69000 ---p 00036000 08:05 13773772                   /usr/lib/x86_64-linux-gnu/libopenjp2.so.2.1.0
7fad20f69000-7fad20f6a000 r--p 00035000 08:05 13773772                   /usr/lib/x86_64-linux-gnu/libopenjp2.so.2.1.0
7fad20f6a000-7fad20f6b000 rw-p 00036000 08:05 13773772                   /usr/lib/x86_64-linux-gnu/libopenjp2.so.2.1.0
7fad20f6b000-7fad20fc4000 r-xp 00000000 08:05 13771830                   /usr/lib/x86_64-linux-gnu/libwebp.so.5.0.4
7fad20fc4000-7fad211c4000 ---p 00059000 08:05 13771830                   /usr/lib/x86_64-linux-gnu/libwebp.so.5.0.4
7fad211c4000-7fad211c5000 r--p 00059000 08:05 13771830                   /usr/lib/x86_64-linux-gnu/libwebp.so.5.0.4
7fad211c5000-7fad211c7000 rw-p 0005a000 08:05 13771830                   /usr/lib/x86_64-linux-gnu/libwebp.so.5.0.4
7fad211c7000-7fad21237000 r-xp 00000000 08:05 13771711                   /usr/lib/x86_64-linux-gnu/libtiff.so.5.2.4
7fad21237000-7fad21437000 ---p 00070000 08:05 13771711                   /usr/lib/x86_64-linux-gnu/libtiff.so.5.2.4
7fad21437000-7fad21438000 r--p 00070000 08:05 13771711                   /usr/lib/x86_64-linux-gnu/libtiff.so.5.2.4
7fad21438000-7fad2143b000 rw-p 00071000 08:05 13771711                   /usr/lib/x86_64-linux-gnu/libtiff.so.5.2.4
7fad2143b000-7fad21492000 r-xp 00000000 08:05 13771262                   /usr/lib/x86_64-linux-gnu/libjpeg.so.8.0.2
7fad21492000-7fad21692000 ---p 00057000 08:05 13771262                   /usr/lib/x86_64-linux-gnu/libjpeg.so.8.0.2
7fad21692000-7fad21693000 r--p 00057000 08:05 13771262                   /usr/lib/x86_64-linux-gnu/libjpeg.so.8.0.2
7fad21693000-7fad21694000 rw-p 00058000 08:05 13771262                   /usr/lib/x86_64-linux-gnu/libjpeg.so.8.0.2
7fad21694000-7fad216b8000 r-xp 00000000 08:05 8655436                    /lib/x86_64-linux-gnu/libpng12.so.0.54.0
7fad216b8000-7fad218b7000 ---p 00024000 08:05 8655436                    /lib/x86_64-linux-gnu/libpng12.so.0.54.0
7fad218b7000-7fad218b8000 r--p 00023000 08:05 8655436                    /lib/x86_64-linux-gnu/libpng12.so.0.54.0
7fad218b8000-7fad218b9000 rw-p 00024000 08:05 8655436                    /lib/x86_64-linux-gnu/libpng12.so.0.54.0
7fad218b9000-7fad218d2000 r-xp 00000000 08:05 8655486                    /lib/x86_64-linux-gnu/libz.so.1.2.8
7fad218d2000-7fad21ad1000 ---p 00019000 08:05 8655486                    /lib/x86_64-linux-gnu/libz.so.1.2.8
7fad21ad1000-7fad21ad2000 r--p 00018000 08:05 8655486                    /lib/x86_64-linux-gnu/libz.so.1.2.8
7fad21ad2000-7fad21ad3000 rw-p 00019000 08:05 8655486                    /lib/x86_64-linux-gnu/libz.so.1.2.8
7fad21ad3000-7fad21ae9000 r-xp 00000000 08:05 8655333                    /lib/x86_64-linux-gnu/libgcc_s.so.1
7fad21ae9000-7fad21ce8000 ---p 00016000 08:05 8655333                    /lib/x86_64-linux-gnu/libgcc_s.so.1
7fad21ce8000-7fad21ce9000 rw-p 00015000 08:05 8655333                    /lib/x86_64-linux-gnu/libgcc_s.so.1
7fad21ce9000-7fad21e5b000 r-xp 00000000 08:05 13762748                   /usr/lib/x86_64-linux-gnu/libstdc++.so.6.0.21
7fad21e5b000-7fad2205b000 ---p 00172000 08:05 13762748                   /usr/lib/x86_64-linux-gnu/libstdc++.so.6.0.21
7fad2205b000-7fad22065000 r--p 00172000 08:05 13762748                   /usr/lib/x86_64-linux-gnu/libstdc++.so.6.0.21
7fad22065000-7fad22067000 rw-p 0017c000 08:05 13762748                   /usr/lib/x86_64-linux-gnu/libstdc++.so.6.0.21
7fad22067000-7fad2206b000 rw-p 00000000 00:00 0 
7fad2206b000-7fad222a8000 r-xp 00000000 08:05 13773774                   /usr/lib/liblept.so.5.0.0
7fad222a8000-7fad224a7000 ---p 0023d000 08:05 13773774                   /usr/lib/liblept.so.5.0.0
7fad224a7000-7fad224a8000 r--p 0023c000 08:05 13773774                   /usr/lib/liblept.so.5.0.0
7fad224a8000-7fad224ae000 rw-p 0023d000 08:05 13773774                   /usr/lib/liblept.so.5.0.0
7fad224ae000-7fad22797000 r-xp 00000000 08:05 13773776                   /usr/lib/libtesseract.so.3.0.4
7fad22797000-7fad22997000 ---p 002e9000 08:05 13773776                   /usr/lib/libtesseract.so.3.0.4
7fad22997000-7fad2299b000 r--p 002e9000 08:05 13773776                   /usr/lib/libtesseract.so.3.0.4
7fad2299b000-7fad2299c000 rw-p 002ed000 08:05 13773776                   /usr/lib/libtesseract.so.3.0.4
7fad2299c000-7fad22c30000 rw-p 00000000 00:00 0 
7fad22c30000-7fad22c47000 r-xp 00000000 08:05 12189735                   /tmp/jna-3522813/jna727229997785970845.tmp (deleted)
7fad22c47000-7fad22d46000 ---p 00017000 08:05 12189735                   /tmp/jna-3522813/jna727229997785970845.tmp (deleted)
7fad22d46000-7fad22d48000 rw-p 00016000 08:05 12189735                   /tmp/jna-3522813/jna727229997785970845.tmp (deleted)
7fad22d48000-7fad22f08000 rw-p 00000000 00:00 0 
7fad22f08000-7fad22f48000 ---p 00000000 00:00 0 
7fad22f48000-7fad22f4b000 ---p 00000000 00:00 0 
7fad22f4b000-7fad23049000 rw-p 00000000 00:00 0 
7fad23049000-7fad23084000 r-xp 00000000 08:05 13901044                   /usr/local/java/jdk1.8.0_152/jre/lib/amd64/libjpeg.so
7fad23084000-7fad23283000 ---p 0003b000 08:05 13901044                   /usr/local/java/jdk1.8.0_152/jre/lib/amd64/libjpeg.so
7fad23283000-7fad23284000 rw-p 0003a000 08:05 13901044                   /usr/local/java/jdk1.8.0_152/jre/lib/amd64/libjpeg.so
7fad23284000-7fad23289000 r-xp 00000000 08:05 13770521                   /usr/lib/x86_64-linux-gnu/libXdmcp.so.6.0.0
7fad23289000-7fad23488000 ---p 00005000 08:05 13770521                   /usr/lib/x86_64-linux-gnu/libXdmcp.so.6.0.0
7fad23488000-7fad23489000 r--p 00004000 08:05 13770521                   /usr/lib/x86_64-linux-gnu/libXdmcp.so.6.0.0
7fad23489000-7fad2348a000 rw-p 00005000 08:05 13770521                   /usr/lib/x86_64-linux-gnu/libXdmcp.so.6.0.0
7fad2348a000-7fad2348c000 r-xp 00000000 08:05 13770510                   /usr/lib/x86_64-linux-gnu/libXau.so.6.0.0
7fad2348c000-7fad2368c000 ---p 00002000 08:05 13770510                   /usr/lib/x86_64-linux-gnu/libXau.so.6.0.0
7fad2368c000-7fad2368d000 r--p 00002000 08:05 13770510                   /usr/lib/x86_64-linux-gnu/libXau.so.6.0.0
7fad2368d000-7fad2368e000 rw-p 00003000 08:05 13770510                   /usr/lib/x86_64-linux-gnu/libXau.so.6.0.0
7fad2368e000-7fad236af000 r-xp 00000000 08:05 13771928                   /usr/lib/x86_64-linux-gnu/libxcb.so.1.1.0
7fad236af000-7fad238ae000 ---p 00021000 08:05 13771928                   /usr/lib/x86_64-linux-gnu/libxcb.so.1.1.0
7fad238ae000-7fad238af000 r--p 00020000 08:05 13771928                   /usr/lib/x86_64-linux-gnu/libxcb.so.1.1.0
7fad238af000-7fad238b0000 rw-p 00021000 08:05 13771928                   /usr/lib/x86_64-linux-gnu/libxcb.so.1.1.0
7fad238b0000-7fad238bf000 r-xp 00000000 08:05 13770533                   /usr/lib/x86_64-linux-gnu/libXi.so.6.1.0
7fad238bf000-7fad23abe000 ---p 0000f000 08:05 13770533                   /usr/lib/x86_64-linux-gnu/libXi.so.6.1.0
7fad23abe000-7fad23abf000 r--p 0000e000 08:05 13770533                   /usr/lib/x86_64-linux-gnu/libXi.so.6.1.0
7fad23abf000-7fad23ac0000 rw-p 0000f000 08:05 13770533                   /usr/lib/x86_64-linux-gnu/libXi.so.6.1.0
7fad23ac0000-7fad23ac5000 r-xp 00000000 08:05 13770551                   /usr/lib/x86_64-linux-gnu/libXtst.so.6.1.0
7fad23ac5000-7fad23cc4000 ---p 00005000 08:05 13770551                   /usr/lib/x86_64-linux-gnu/libXtst.so.6.1.0
7fad23cc4000-7fad23cc5000 r--p 00004000 08:05 13770551                   /usr/lib/x86_64-linux-gnu/libXtst.so.6.1.0
7fad23cc5000-7fad23cc6000 rw-p 00005000 08:05 13770551                   /usr/lib/x86_64-linux-gnu/libXtst.so.6.1.0
7fad23cc6000-7fad23dfb000 r-xp 00000000 08:05 13770506                   /usr/lib/x86_64-linux-gnu/libX11.so.6.3.0
7fad23dfb000-7fad23ffb000 ---p 00135000 08:05 13770506                   /usr/lib/x86_64-linux-gnu/libX11.so.6.3.0
7fad23ffb000-7fad23ffc000 r--p 00135000 08:05 13770506                   /usr/lib/x86_64-linux-gnu/libX11.so.6.3.0
7fad23ffc000-7fad24000000 rw-p 00136000 08:05 13770506                   /usr/lib/x86_64-linux-gnu/libX11.so.6.3.0
7fad24000000-7fad24340000 rw-p 00000000 00:00 0 
7fad24340000-7fad28000000 ---p 00000000 00:00 0 
7fad28000000-7fad28021000 rw-p 00000000 00:00 0 
7fad28021000-7fad2c000000 ---p 00000000 00:00 0 
7fad2c000000-7fad2c24b000 rw-p 00000000 00:00 0 
7fad2c24b000-7fad30000000 ---p 00000000 00:00 0 
7fad30000000-7fad30209000 rw-p 00000000 00:00 0 
7fad30209000-7fad34000000 ---p 00000000 00:00 0 
7fad34000000-7fad34021000 rw-p 00000000 00:00 0 
7fad34021000-7fad38000000 ---p 00000000 00:00 0 
7fad38000000-7fad38021000 rw-p 00000000 00:00 0 
7fad38021000-7fad3c000000 ---p 00000000 00:00 0 
7fad3c000000-7fad3c021000 rw-p 00000000 00:00 0 
7fad3c021000-7fad40000000 ---p 00000000 00:00 0 
7fad40000000-7fad40021000 rw-p 00000000 00:00 0 
7fad40021000-7fad44000000 ---p 00000000 00:00 0 
7fad44000000-7fad44021000 rw-p 00000000 00:00 0 
7fad44021000-7fad48000000 ---p 00000000 00:00 0 
7fad48000000-7fad48021000 rw-p 00000000 00:00 0 
7fad48021000-7fad4c000000 ---p 00000000 00:00 0 
7fad4c000000-7fad4c021000 rw-p 00000000 00:00 0 
7fad4c021000-7fad50000000 ---p 00000000 00:00 0 
7fad50036000-7fad5003f000 r-xp 00000000 08:05 13770545                   /usr/lib/x86_64-linux-gnu/libXrender.so.1.3.0
7fad5003f000-7fad5023e000 ---p 00009000 08:05 13770545                   /usr/lib/x86_64-linux-gnu/libXrender.so.1.3.0
7fad5023e000-7fad5023f000 r--p 00008000 08:05 13770545                   /usr/lib/x86_64-linux-gnu/libXrender.so.1.3.0
7fad5023f000-7fad50240000 rw-p 00009000 08:05 13770545                   /usr/lib/x86_64-linux-gnu/libXrender.so.1.3.0
7fad50240000-7fad54000000 rw-p 00000000 00:00 0 
7fad54000000-7fad54021000 rw-p 00000000 00:00 0 
7fad54021000-7fad58000000 ---p 00000000 00:00 0 
7fad58084000-7fad58095000 r-xp 00000000 08:05 13770523                   /usr/lib/x86_64-linux-gnu/libXext.so.6.4.0
7fad58095000-7fad58294000 ---p 00011000 08:05 13770523                   /usr/lib/x86_64-linux-gnu/libXext.so.6.4.0
7fad58294000-7fad58295000 r--p 00010000 08:05 13770523                   /usr/lib/x86_64-linux-gnu/libXext.so.6.4.0
7fad58295000-7fad58296000 rw-p 00011000 08:05 13770523                   /usr/lib/x86_64-linux-gnu/libXext.so.6.4.0
7fad582a9000-7fad582ae000 r--s 0009a000 08:05 13773608                   /usr/local/java/jdk1.8.0_152/jre/lib/jsse.jar
7fad582ae000-7fad58302000 r-xp 00000000 08:05 13901104                   /usr/local/java/jdk1.8.0_152/jre/lib/amd64/libawt_xawt.so
7fad58302000-7fad58502000 ---p 00054000 08:05 13901104                   /usr/local/java/jdk1.8.0_152/jre/lib/amd64/libawt_xawt.so
7fad58502000-7fad58506000 rw-p 00054000 08:05 13901104                   /usr/local/java/jdk1.8.0_152/jre/lib/amd64/libawt_xawt.so
7fad58506000-7fad58507000 rw-p 00000000 00:00 0 
7fad58507000-7fad585a9000 r-xp 00000000 08:05 13901090                   /usr/local/java/jdk1.8.0_152/jre/lib/amd64/libawt.so
7fad585a9000-7fad587a9000 ---p 000a2000 08:05 13901090                   /usr/local/java/jdk1.8.0_152/jre/lib/amd64/libawt.so
7fad587a9000-7fad587b5000 rw-p 000a2000 08:05 13901090                   /usr/local/java/jdk1.8.0_152/jre/lib/amd64/libawt.so
7fad587b5000-7fad587d9000 rw-p 00000000 00:00 0 
7fad587d9000-7fad587f5000 r--s 00393000 08:05 13900946                   /usr/local/java/jdk1.8.0_152/jre/lib/ext/cldrdata.jar
7fad587f5000-7fad587ff000 r--s 00116000 08:05 13900953                   /usr/local/java/jdk1.8.0_152/jre/lib/ext/localedata.jar
7fad587ff000-7fad5880a000 r--s 00069000 08:05 395515                     /home/sara/Documents/tesseractdemo/target/dependency-jars/logback-core-1.2.3.jar
7fad5880a000-7fad58810000 r--s 00041000 08:05 395715                     /home/sara/Documents/tesseractdemo/target/dependency-jars/logback-classic-1.2.3.jar
7fad58810000-7fad58812000 r--s 00009000 08:05 395744                     /home/sara/Documents/tesseractdemo/target/dependency-jars/slf4j-api-1.7.25.jar
7fad58812000-7fad58815000 r--s 0001f000 08:05 395745                     /home/sara/Documents/tesseractdemo/target/dependency-jars/leptonica-1.72-1.0.jar
7fad58815000-7fad58817000 r--s 00004000 08:05 394443                     /home/sara/Documents/tesseractdemo/target/dependency-jars/log4j-over-slf4j-1.7.25.jar
7fad58817000-7fad58819000 r--s 00003000 08:05 395656                     /home/sara/Documents/tesseractdemo/target/dependency-jars/jcl-over-slf4j-1.7.25.jar
7fad58819000-7fad5881b000 r--s 00000000 08:05 395747                     /home/sara/Documents/tesseractdemo/target/dependency-jars/jul-to-slf4j-1.7.25.jar
7fad5881b000-7fad5881d000 r--s 0000c000 08:05 395743                     /home/sara/Documents/tesseractdemo/target/dependency-jars/jboss-logging-3.1.4.GA.jar
7fad5881d000-7fad58821000 r--s 00020000 08:05 395488                     /home/sara/Documents/tesseractdemo/target/dependency-jars/jboss-vfs-3.2.12.Final.jar
7fad58821000-7fad58827000 r--s 00315000 08:05 394428                     /home/sara/Documents/tesseractdemo/target/dependency-jars/lept4j-1.6.2.jar
7fad58827000-7fad5882b000 r--s 00031000 08:05 395576                     /home/sara/Documents/tesseractdemo/target/dependency-jars/commons-io-2.6.jar
7fad5882b000-7fad58837000 r--s 00108000 08:05 395741                     /home/sara/Documents/tesseractdemo/target/dependency-jars/itext-2.1.7.jar
7fad58837000-7fad58841000 r--s 00081000 08:05 395525                     /home/sara/Documents/tesseractdemo/target/dependency-jars/xmlgraphics-commons-1.4.jar
7fad58841000-7fad5884f000 r--s 0007f000 08:05 394464                     /home/sara/Documents/tesseractdemo/target/dependency-jars/commons-collections-3.2.1.jar
7fad5884f000-7fad588e4000 r--s 01113000 08:05 13900947                   /usr/local/java/jdk1.8.0_152/jre/lib/ext/jfxrt.jar
7fad588e4000-7fad588e5000 ---p 00000000 00:00 0 
7fad588e5000-7fad589e5000 rw-p 00000000 00:00 0 
7fad589e5000-7fad589e8000 ---p 00000000 00:00 0 
7fad589e8000-7fad58ae6000 rw-p 00000000 00:00 0 
7fad58ae6000-7fad58ae9000 ---p 00000000 00:00 0 
7fad58ae9000-7fad58be7000 rw-p 00000000 00:00 0 
7fad58be7000-7fad58bea000 ---p 00000000 00:00 0 
7fad58bea000-7fad58ce8000 rw-p 00000000 00:00 0 
7fad58ce8000-7fad58ceb000 ---p 00000000 00:00 0 
7fad58ceb000-7fad58de9000 rw-p 00000000 00:00 0 
7fad58de9000-7fad58dec000 ---p 00000000 00:00 0 
7fad58dec000-7fad58eea000 rw-p 00000000 00:00 0 
7fad58eea000-7fad598a9000 r--p 00000000 08:05 13769540                   /usr/lib/locale/locale-archive
7fad598a9000-7fad598ac000 ---p 00000000 00:00 0 
7fad598ac000-7fad599aa000 rw-p 00000000 00:00 0 
7fad599aa000-7fad599ad000 ---p 00000000 00:00 0 
7fad599ad000-7fad59aab000 rw-p 00000000 00:00 0 
7fad59aab000-7fad59aac000 ---p 00000000 00:00 0 
7fad59aac000-7fad5aabb000 rw-p 00000000 00:00 0 
7fad5aabb000-7fad5ac95000 r--s 03d5f000 08:05 13773603                   /usr/local/java/jdk1.8.0_152/jre/lib/rt.jar
7fad5ac95000-7fad5b871000 rw-p 00000000 00:00 0 
7fad5b871000-7fad5b872000 ---p 00000000 00:00 0 
7fad5b872000-7fad5b972000 rw-p 00000000 00:00 0 
7fad5b972000-7fad5b973000 ---p 00000000 00:00 0 
7fad5b973000-7fad5ba73000 rw-p 00000000 00:00 0 
7fad5ba73000-7fad5ba74000 ---p 00000000 00:00 0 
7fad5ba74000-7fad5bb9e000 rw-p 00000000 00:00 0 
7fad5bb9e000-7fad5be07000 ---p 00000000 00:00 0 
7fad5be07000-7fad5be31000 rw-p 00000000 00:00 0 
7fad5be31000-7fad5c099000 ---p 00000000 00:00 0 
7fad5c099000-7fad5c0af000 rw-p 00000000 00:00 0 
7fad5c0af000-7fad5c1e3000 ---p 00000000 00:00 0 
7fad5c1e3000-7fad5c1f0000 rw-p 00000000 00:00 0 
7fad5c1f0000-7fad5c5a4000 ---p 00000000 00:00 0 
7fad5c5a4000-7fad5c8a4000 rwxp 00000000 00:00 0 
7fad5c8a4000-7fad6b5a4000 ---p 00000000 00:00 0 
7fad6b5a4000-7fad6b5bf000 r-xp 00000000 08:05 13901093                   /usr/local/java/jdk1.8.0_152/jre/lib/amd64/libzip.so
7fad6b5bf000-7fad6b7bf000 ---p 0001b000 08:05 13901093                   /usr/local/java/jdk1.8.0_152/jre/lib/amd64/libzip.so
7fad6b7bf000-7fad6b7c0000 rw-p 0001b000 08:05 13901093                   /usr/local/java/jdk1.8.0_152/jre/lib/amd64/libzip.so
7fad6b7c0000-7fad6b7cb000 r-xp 00000000 08:05 8655394                    /lib/x86_64-linux-gnu/libnss_files-2.23.so
7fad6b7cb000-7fad6b9ca000 ---p 0000b000 08:05 8655394                    /lib/x86_64-linux-gnu/libnss_files-2.23.so
7fad6b9ca000-7fad6b9cb000 r--p 0000a000 08:05 8655394                    /lib/x86_64-linux-gnu/libnss_files-2.23.so
7fad6b9cb000-7fad6b9cc000 rw-p 0000b000 08:05 8655394                    /lib/x86_64-linux-gnu/libnss_files-2.23.so
7fad6b9cc000-7fad6b9d2000 rw-p 00000000 00:00 0 
7fad6b9d2000-7fad6b9dd000 r-xp 00000000 08:05 8655404                    /lib/x86_64-linux-gnu/libnss_nis-2.23.so
7fad6b9dd000-7fad6bbdc000 ---p 0000b000 08:05 8655404                    /lib/x86_64-linux-gnu/libnss_nis-2.23.so
7fad6bbdc000-7fad6bbdd000 r--p 0000a000 08:05 8655404                    /lib/x86_64-linux-gnu/libnss_nis-2.23.so
7fad6bbdd000-7fad6bbde000 rw-p 0000b000 08:05 8655404                    /lib/x86_64-linux-gnu/libnss_nis-2.23.so
7fad6bbde000-7fad6bbf4000 r-xp 00000000 08:05 8655388                    /lib/x86_64-linux-gnu/libnsl-2.23.so
7fad6bbf4000-7fad6bdf3000 ---p 00016000 08:05 8655388                    /lib/x86_64-linux-gnu/libnsl-2.23.so
7fad6bdf3000-7fad6bdf4000 r--p 00015000 08:05 8655388                    /lib/x86_64-linux-gnu/libnsl-2.23.so
7fad6bdf4000-7fad6bdf5000 rw-p 00016000 08:05 8655388                    /lib/x86_64-linux-gnu/libnsl-2.23.so
7fad6bdf5000-7fad6bdf7000 rw-p 00000000 00:00 0 
7fad6bdf7000-7fad6bdff000 r-xp 00000000 08:05 8655390                    /lib/x86_64-linux-gnu/libnss_compat-2.23.so
7fad6bdff000-7fad6bffe000 ---p 00008000 08:05 8655390                    /lib/x86_64-linux-gnu/libnss_compat-2.23.so
7fad6bffe000-7fad6bfff000 r--p 00007000 08:05 8655390                    /lib/x86_64-linux-gnu/libnss_compat-2.23.so
7fad6bfff000-7fad6c000000 rw-p 00008000 08:05 8655390                    /lib/x86_64-linux-gnu/libnss_compat-2.23.so
7fad6c000000-7fad6c928000 rw-p 00000000 00:00 0 
7fad6c928000-7fad70000000 ---p 00000000 00:00 0 
7fad70001000-7fad70006000 r--s 00035000 08:05 395740                     /home/sara/Documents/tesseractdemo/target/dependency-jars/commons-beanutils-1.9.2.jar
7fad70006000-7fad7000f000 r--s 0006f000 08:05 394436                     /home/sara/Documents/tesseractdemo/target/dependency-jars/log4j-1.2.17.jar
7fad7000f000-7fad70014000 r--s 00028000 08:05 395742                     /home/sara/Documents/tesseractdemo/target/dependency-jars/ghost4j-1.0.1.jar
7fad70014000-7fad7008a000 rw-p 00000000 00:00 0 
7fad7008a000-7fad7008b000 ---p 00000000 00:00 0 
7fad7008b000-7fad7018b000 rw-p 00000000 00:00 0 
7fad7018b000-7fad701b6000 r-xp 00000000 08:05 13901087                   /usr/local/java/jdk1.8.0_152/jre/lib/amd64/libjava.so
7fad701b6000-7fad703b5000 ---p 0002b000 08:05 13901087                   /usr/local/java/jdk1.8.0_152/jre/lib/amd64/libjava.so
7fad703b5000-7fad703b7000 rw-p 0002a000 08:05 13901087                   /usr/local/java/jdk1.8.0_152/jre/lib/amd64/libjava.so
7fad703b7000-7fad703c4000 r-xp 00000000 08:05 13901092                   /usr/local/java/jdk1.8.0_152/jre/lib/amd64/libverify.so
7fad703c4000-7fad705c4000 ---p 0000d000 08:05 13901092                   /usr/local/java/jdk1.8.0_152/jre/lib/amd64/libverify.so
7fad705c4000-7fad705c6000 rw-p 0000d000 08:05 13901092                   /usr/local/java/jdk1.8.0_152/jre/lib/amd64/libverify.so
7fad705c6000-7fad705cd000 r-xp 00000000 08:05 8655449                    /lib/x86_64-linux-gnu/librt-2.23.so
7fad705cd000-7fad707cc000 ---p 00007000 08:05 8655449                    /lib/x86_64-linux-gnu/librt-2.23.so
7fad707cc000-7fad707cd000 r--p 00006000 08:05 8655449                    /lib/x86_64-linux-gnu/librt-2.23.so
7fad707cd000-7fad707ce000 rw-p 00007000 08:05 8655449                    /lib/x86_64-linux-gnu/librt-2.23.so
7fad707ce000-7fad708d6000 r-xp 00000000 08:05 8655365                    /lib/x86_64-linux-gnu/libm-2.23.so
7fad708d6000-7fad70ad5000 ---p 00108000 08:05 8655365                    /lib/x86_64-linux-gnu/libm-2.23.so
7fad70ad5000-7fad70ad6000 r--p 00107000 08:05 8655365                    /lib/x86_64-linux-gnu/libm-2.23.so
7fad70ad6000-7fad70ad7000 rw-p 00108000 08:05 8655365                    /lib/x86_64-linux-gnu/libm-2.23.so
7fad70ad7000-7fad717af000 r-xp 00000000 08:05 13901070                   /usr/local/java/jdk1.8.0_152/jre/lib/amd64/server/libjvm.so
7fad717af000-7fad719ae000 ---p 00cd8000 08:05 13901070                   /usr/local/java/jdk1.8.0_152/jre/lib/amd64/server/libjvm.so
7fad719ae000-7fad71a88000 rw-p 00cd7000 08:05 13901070                   /usr/local/java/jdk1.8.0_152/jre/lib/amd64/server/libjvm.so
7fad71a88000-7fad71ad3000 rw-p 00000000 00:00 0 
7fad71ad3000-7fad71c93000 r-xp 00000000 08:05 8655295                    /lib/x86_64-linux-gnu/libc-2.23.so
7fad71c93000-7fad71e93000 ---p 001c0000 08:05 8655295                    /lib/x86_64-linux-gnu/libc-2.23.so
7fad71e93000-7fad71e97000 r--p 001c0000 08:05 8655295                    /lib/x86_64-linux-gnu/libc-2.23.so
7fad71e97000-7fad71e99000 rw-p 001c4000 08:05 8655295                    /lib/x86_64-linux-gnu/libc-2.23.so
7fad71e99000-7fad71e9d000 rw-p 00000000 00:00 0 
7fad71e9d000-7fad71ea0000 r-xp 00000000 08:05 8655319                    /lib/x86_64-linux-gnu/libdl-2.23.so
7fad71ea0000-7fad7209f000 ---p 00003000 08:05 8655319                    /lib/x86_64-linux-gnu/libdl-2.23.so
7fad7209f000-7fad720a0000 r--p 00002000 08:05 8655319                    /lib/x86_64-linux-gnu/libdl-2.23.so
7fad720a0000-7fad720a1000 rw-p 00003000 08:05 8655319                    /lib/x86_64-linux-gnu/libdl-2.23.so
7fad720a1000-7fad720b7000 r-xp 00000000 08:05 13901065                   /usr/local/java/jdk1.8.0_152/jre/lib/amd64/jli/libjli.so
7fad720b7000-7fad722b6000 ---p 00016000 08:05 13901065                   /usr/local/java/jdk1.8.0_152/jre/lib/amd64/jli/libjli.so
7fad722b6000-7fad722b7000 rw-p 00015000 08:05 13901065                   /usr/local/java/jdk1.8.0_152/jre/lib/amd64/jli/libjli.so
7fad722b7000-7fad722cf000 r-xp 00000000 08:05 8655441                    /lib/x86_64-linux-gnu/libpthread-2.23.so
7fad722cf000-7fad724ce000 ---p 00018000 08:05 8655441                    /lib/x86_64-linux-gnu/libpthread-2.23.so
7fad724ce000-7fad724cf000 r--p 00017000 08:05 8655441                    /lib/x86_64-linux-gnu/libpthread-2.23.so
7fad724cf000-7fad724d0000 rw-p 00018000 08:05 8655441                    /lib/x86_64-linux-gnu/libpthread-2.23.so
7fad724d0000-7fad724d4000 rw-p 00000000 00:00 0 
7fad724d4000-7fad724fa000 r-xp 00000000 08:05 8655267                    /lib/x86_64-linux-gnu/ld-2.23.so
7fad724fa000-7fad72505000 r--s 00088000 08:05 395292                     /home/sara/Documents/tesseractdemo/target/dependency-jars/jai-imageio-core-1.3.1.jar
7fad72505000-7fad72509000 r--s 000dc000 08:05 395746                     /home/sara/Documents/tesseractdemo/target/dependency-jars/jna-4.1.0.jar
7fad72509000-7fad725da000 rw-p 00000000 00:00 0 
7fad725da000-7fad725dd000 ---p 00000000 00:00 0 
7fad725dd000-7fad726df000 rw-p 00000000 00:00 0 
7fad726df000-7fad726e0000 r--s 00238000 08:05 395737                     /home/sara/Documents/tesseractdemo/target/dependency-jars/leptonica-1.72-1.0-linux-x86_64.jar
7fad726e0000-7fad726e2000 r--s 0000d000 08:05 395739                     /home/sara/Documents/tesseractdemo/target/dependency-jars/commons-logging-1.1.1.jar
7fad726e2000-7fad726e5000 r--s 02525000 08:05 395655                     /home/sara/Documents/tesseractdemo/target/dependency-jars/tess4j-3.4.2.jar
7fad726e5000-7fad726e6000 r--s 0017c000 08:05 395738                     /home/sara/Documents/tesseractdemo/target/dependency-jars/tesseract-3.03-rc1-0.11-linux-x86_64.jar
7fad726e6000-7fad726ea000 r--s 00036000 08:05 395291                     /home/sara/Documents/tesseractdemo/target/dependency-jars/javacpp-0.11.jar
7fad726ea000-7fad726ec000 r--s 0000e000 08:05 395496                     /home/sara/Documents/tesseractdemo/target/dependency-jars/tesseract-3.03-rc1-0.11.jar
7fad726ec000-7fad726ed000 r--s 00000000 08:05 264483                     /home/sara/Documents/tesseractdemo/target/tesseractdemo-1.0-SNAPSHOT.jar
7fad726ed000-7fad726f5000 rw-s 00000000 08:05 12189733                   /tmp/hsperfdata_sara/16056
7fad726f5000-7fad726f6000 rw-p 00000000 00:00 0 
7fad726f6000-7fad726f7000 r--p 00000000 00:00 0 
7fad726f7000-7fad726f9000 rw-p 00000000 00:00 0 
7fad726f9000-7fad726fa000 r--p 00025000 08:05 8655267                    /lib/x86_64-linux-gnu/ld-2.23.so
7fad726fa000-7fad726fb000 rw-p 00026000 08:05 8655267                    /lib/x86_64-linux-gnu/ld-2.23.so
7fad726fb000-7fad726fc000 rw-p 00000000 00:00 0 
7ffca7604000-7ffca7625000 rw-p 00000000 00:00 0                          [stack]
7ffca774f000-7ffca7751000 r--p 00000000 00:00 0                          [vvar]
7ffca7751000-7ffca7753000 r-xp 00000000 00:00 0                          [vdso]
ffffffffff600000-ffffffffff601000 r-xp 00000000 00:00 0                  [vsyscall]

VM Arguments:
java_command: target/tesseractdemo-1.0-SNAPSHOT.jar
java_class_path (initial): target/tesseractdemo-1.0-SNAPSHOT.jar
Launcher Type: SUN_STANDARD

Environment Variables:
PATH=/home/sara/bin:/home/sara/.local/bin:/usr/local/sbin:/usr/local/bin:/usr/sbin:/usr/bin:/sbin:/bin:/usr/games:/usr/local/games:/snap/bin
SHELL=/bin/bash
DISPLAY=:0

Signal Handlers:
SIGSEGV: [libjvm.so+0xacfec0], sa_mask[0]=11111111011111111101111111111110, sa_flags=SA_RESTART|SA_SIGINFO
SIGBUS: [libjvm.so+0xacfec0], sa_mask[0]=11111111011111111101111111111110, sa_flags=SA_RESTART|SA_SIGINFO
SIGFPE: [libjvm.so+0x927e60], sa_mask[0]=11111111011111111101111111111110, sa_flags=SA_RESTART|SA_SIGINFO
SIGPIPE: [libjvm.so+0x927e60], sa_mask[0]=11111111011111111101111111111110, sa_flags=SA_RESTART|SA_SIGINFO
SIGXFSZ: [libjvm.so+0x927e60], sa_mask[0]=11111111011111111101111111111110, sa_flags=SA_RESTART|SA_SIGINFO
SIGILL: [libjvm.so+0x927e60], sa_mask[0]=11111111011111111101111111111110, sa_flags=SA_RESTART|SA_SIGINFO
SIGUSR1: SIG_DFL, sa_mask[0]=00000000000000000000000000000000, sa_flags=none
SIGUSR2: [libjvm.so+0x9296a0], sa_mask[0]=00000000000000000000000000000000, sa_flags=SA_RESTART|SA_SIGINFO
SIGHUP: [libjvm.so+0x92aaa0], sa_mask[0]=11111111011111111101111111111110, sa_flags=SA_RESTART|SA_SIGINFO
SIGINT: [libjvm.so+0x92aaa0], sa_mask[0]=11111111011111111101111111111110, sa_flags=SA_RESTART|SA_SIGINFO
SIGTERM: [libjvm.so+0x92aaa0], sa_mask[0]=11111111011111111101111111111110, sa_flags=SA_RESTART|SA_SIGINFO
SIGQUIT: [libjvm.so+0x92aaa0], sa_mask[0]=11111111011111111101111111111110, sa_flags=SA_RESTART|SA_SIGINFO


---------------  S Y S T E M  ---------------

OS:DISTRIB_ID=Ubuntu
DISTRIB_RELEASE=16.04
DISTRIB_CODENAME=xenial
DISTRIB_DESCRIPTION="Ubuntu 16.04.3 LTS"

uname:Linux 4.10.0-42-generic #46~16.04.1-Ubuntu SMP Mon Dec 4 15:57:59 UTC 2017 x86_64
libc:glibc 2.23 NPTL 2.23 
rlimit: STACK 8192k, CORE 0k, NPROC 30189, NOFILE 1048576, AS infinity
load average:1.15 1.35 1.82

/proc/meminfo:
MemTotal:        8087680 kB
MemFree:         1473392 kB
MemAvailable:    3896756 kB
Buffers:           31432 kB
Cached:          3000328 kB
SwapCached:            0 kB
Active:          4033540 kB
Inactive:        2356192 kB
Active(anon):    3359252 kB
Inactive(anon):   425416 kB
Active(file):     674288 kB
Inactive(file):  1930776 kB
Unevictable:          48 kB
Mlocked:              48 kB
SwapTotal:             0 kB
SwapFree:              0 kB
Dirty:             62520 kB
Writeback:             0 kB
AnonPages:       3279440 kB
Mapped:           340076 kB
Shmem:            426872 kB
Slab:             117912 kB
SReclaimable:      75284 kB
SUnreclaim:        42628 kB
KernelStack:       11616 kB
PageTables:        41868 kB
NFS_Unstable:          0 kB
Bounce:                0 kB
WritebackTmp:          0 kB
CommitLimit:     4043840 kB
Committed_AS:    8838124 kB
VmallocTotal:   34359738367 kB
VmallocUsed:           0 kB
VmallocChunk:          0 kB
HardwareCorrupted:     0 kB
AnonHugePages:   1562624 kB
ShmemHugePages:        0 kB
ShmemPmdMapped:        0 kB
CmaTotal:              0 kB
CmaFree:               0 kB
HugePages_Total:       0
HugePages_Free:        0
HugePages_Rsvd:        0
HugePages_Surp:        0
Hugepagesize:       2048 kB
DirectMap4k:      138236 kB
DirectMap2M:     5019648 kB
DirectMap1G:     4194304 kB


CPU:total 4 (initial active 4) (2 cores per cpu, 2 threads per core) family 6 model 69 stepping 1, cmov, cx8, fxsr, mmx, sse, sse2, sse3, ssse3, sse4.1, sse4.2, popcnt, avx, avx2, aes, clmul, erms, lzcnt, ht, tsc, tscinvbit, bmi1, bmi2

/proc/cpuinfo:
processor	: 0
vendor_id	: GenuineIntel
cpu family	: 6
model		: 69
model name	: Intel(R) Core(TM) i5-4210U CPU @ 1.70GHz
stepping	: 1
microcode	: 0x1c
cpu MHz		: 2464.746
cache size	: 3072 KB
physical id	: 0
siblings	: 4
core id		: 0
cpu cores	: 2
apicid		: 0
initial apicid	: 0
fpu		: yes
fpu_exception	: yes
cpuid level	: 13
wp		: yes
flags		: fpu vme de pse tsc msr pae mce cx8 apic sep mtrr pge mca cmov pat pse36 clflush dts acpi mmx fxsr sse sse2 ss ht tm pbe syscall nx pdpe1gb rdtscp lm constant_tsc arch_perfmon pebs bts rep_good nopl xtopology nonstop_tsc aperfmperf pni pclmulqdq dtes64 monitor ds_cpl vmx est tm2 ssse3 sdbg fma cx16 xtpr pdcm pcid sse4_1 sse4_2 movbe popcnt tsc_deadline_timer aes xsave avx f16c rdrand lahf_lm abm epb tpr_shadow vnmi flexpriority ept vpid fsgsbase tsc_adjust bmi1 avx2 smep bmi2 erms invpcid xsaveopt dtherm ida arat pln pts
bugs		:
bogomips	: 4788.49
clflush size	: 64
cache_alignment	: 64
address sizes	: 39 bits physical, 48 bits virtual
power management:

processor	: 1
vendor_id	: GenuineIntel
cpu family	: 6
model		: 69
model name	: Intel(R) Core(TM) i5-4210U CPU @ 1.70GHz
stepping	: 1
microcode	: 0x1c
cpu MHz		: 2248.242
cache size	: 3072 KB
physical id	: 0
siblings	: 4
core id		: 1
cpu cores	: 2
apicid		: 2
initial apicid	: 2
fpu		: yes
fpu_exception	: yes
cpuid level	: 13
wp		: yes
flags		: fpu vme de pse tsc msr pae mce cx8 apic sep mtrr pge mca cmov pat pse36 clflush dts acpi mmx fxsr sse sse2 ss ht tm pbe syscall nx pdpe1gb rdtscp lm constant_tsc arch_perfmon pebs bts rep_good nopl xtopology nonstop_tsc aperfmperf pni pclmulqdq dtes64 monitor ds_cpl vmx est tm2 ssse3 sdbg fma cx16 xtpr pdcm pcid sse4_1 sse4_2 movbe popcnt tsc_deadline_timer aes xsave avx f16c rdrand lahf_lm abm epb tpr_shadow vnmi flexpriority ept vpid fsgsbase tsc_adjust bmi1 avx2 smep bmi2 erms invpcid xsaveopt dtherm ida arat pln pts
bugs		:
bogomips	: 4788.49
clflush size	: 64
cache_alignment	: 64
address sizes	: 39 bits physical, 48 bits virtual
power management:

processor	: 2
vendor_id	: GenuineIntel
cpu family	: 6
model		: 69
model name	: Intel(R) Core(TM) i5-4210U CPU @ 1.70GHz
stepping	: 1
microcode	: 0x1c
cpu MHz		: 2612.841
cache size	: 3072 KB
physical id	: 0
siblings	: 4
core id		: 0
cpu cores	: 2
apicid		: 1
initial apicid	: 1
fpu		: yes
fpu_exception	: yes
cpuid level	: 13
wp		: yes
flags		: fpu vme de pse tsc msr pae mce cx8 apic sep mtrr pge mca cmov pat pse36 clflush dts acpi mmx fxsr sse sse2 ss ht tm pbe syscall nx pdpe1gb rdtscp lm constant_tsc arch_perfmon pebs bts rep_good nopl xtopology nonstop_tsc aperfmperf pni pclmulqdq dtes64 monitor ds_cpl vmx est tm2 ssse3 sdbg fma cx16 xtpr pdcm pcid sse4_1 sse4_2 movbe popcnt tsc_deadline_timer aes xsave avx f16c rdrand lahf_lm abm epb tpr_shadow vnmi flexpriority ept vpid fsgsbase tsc_adjust bmi1 avx2 smep bmi2 erms invpcid xsaveopt dtherm ida arat pln pts
bugs		:
bogomips	: 4788.49
clflush size	: 64
cache_alignment	: 64
address sizes	: 39 bits physical, 48 bits virtual
power management:

processor	: 3
vendor_id	: GenuineIntel
cpu family	: 6
model		: 69
model name	: Intel(R) Core(TM) i5-4210U CPU @ 1.70GHz
stepping	: 1
microcode	: 0x1c
cpu MHz		: 2400.000
cache size	: 3072 KB
physical id	: 0
siblings	: 4
core id		: 1
cpu cores	: 2
apicid		: 3
initial apicid	: 3
fpu		: yes
fpu_exception	: yes
cpuid level	: 13
wp		: yes
flags		: fpu vme de pse tsc msr pae mce cx8 apic sep mtrr pge mca cmov pat pse36 clflush dts acpi mmx fxsr sse sse2 ss ht tm pbe syscall nx pdpe1gb rdtscp lm constant_tsc arch_perfmon pebs bts rep_good nopl xtopology nonstop_tsc aperfmperf pni pclmulqdq dtes64 monitor ds_cpl vmx est tm2 ssse3 sdbg fma cx16 xtpr pdcm pcid sse4_1 sse4_2 movbe popcnt tsc_deadline_timer aes xsave avx f16c rdrand lahf_lm abm epb tpr_shadow vnmi flexpriority ept vpid fsgsbase tsc_adjust bmi1 avx2 smep bmi2 erms invpcid xsaveopt dtherm ida arat pln pts
bugs		:
bogomips	: 4788.49
clflush size	: 64
cache_alignment	: 64
address sizes	: 39 bits physical, 48 bits virtual
power management:



Memory: 4k page, physical 8087680k(1473392k free), swap 0k(0k free)

vm_info: Java HotSpot(TM) 64-Bit Server VM (25.152-b16) for linux-amd64 JRE (1.8.0_152-b16), built on Sep 14 2017 02:16:14 by "java_re" with gcc 4.3.0 20080428 (Red Hat 4.3.0-8)

time: Fri Jan  5 19:31:53 2018
elapsed time: 0 seconds (0d 0h 0m 0s)

